<?xml version="1.0" encoding="UTF-8"?>
<robot generator="Robot 4.1 (Python 3.7.3 on win32)" generated="20210822 14:10:21.295" rpa="false" schemaversion="2">
<suite id="s1" name="Break camelCase" source="C:\Users\Ivan\PycharmProjects\Codewars\Tests\Break_camelCase.robot">
<test id="s1-t1" name="Test Strings With Pre-computed Data">
<kw name="Test Break camelCase">
<arg>helloWorld</arg>
<arg>hello World</arg>
<kw name="Solution" library="Break_camelCase">
<var>${result_string}</var>
<arg>${input_string}</arg>
<msg timestamp="20210822 14:10:21.334" level="INFO">${result_string} = hello World</msg>
<status status="PASS" starttime="20210822 14:10:21.334" endtime="20210822 14:10:21.334"/>
</kw>
<kw name="Check Equality" library="Break_camelCase">
<arg>${result_string}</arg>
<arg>${expected_output_string}</arg>
<status status="PASS" starttime="20210822 14:10:21.334" endtime="20210822 14:10:21.334"/>
</kw>
<status status="PASS" starttime="20210822 14:10:21.333" endtime="20210822 14:10:21.335"/>
</kw>
<kw name="Test Break camelCase">
<arg>camelCase</arg>
<arg>camel Case</arg>
<kw name="Solution" library="Break_camelCase">
<var>${result_string}</var>
<arg>${input_string}</arg>
<msg timestamp="20210822 14:10:21.335" level="INFO">${result_string} = camel Case</msg>
<status status="PASS" starttime="20210822 14:10:21.335" endtime="20210822 14:10:21.336"/>
</kw>
<kw name="Check Equality" library="Break_camelCase">
<arg>${result_string}</arg>
<arg>${expected_output_string}</arg>
<status status="PASS" starttime="20210822 14:10:21.336" endtime="20210822 14:10:21.336"/>
</kw>
<status status="PASS" starttime="20210822 14:10:21.335" endtime="20210822 14:10:21.336"/>
</kw>
<kw name="Test Break camelCase">
<arg>breakCamelCase</arg>
<arg>break Camel Case</arg>
<kw name="Solution" library="Break_camelCase">
<var>${result_string}</var>
<arg>${input_string}</arg>
<msg timestamp="20210822 14:10:21.337" level="INFO">${result_string} = break Camel Case</msg>
<status status="PASS" starttime="20210822 14:10:21.337" endtime="20210822 14:10:21.337"/>
</kw>
<kw name="Check Equality" library="Break_camelCase">
<arg>${result_string}</arg>
<arg>${expected_output_string}</arg>
<status status="PASS" starttime="20210822 14:10:21.337" endtime="20210822 14:10:21.337"/>
</kw>
<status status="PASS" starttime="20210822 14:10:21.336" endtime="20210822 14:10:21.337"/>
</kw>
<kw name="Test Break camelCase">
<arg>askEyeSayNextNumber</arg>
<arg>ask Eye Say Next Number</arg>
<kw name="Solution" library="Break_camelCase">
<var>${result_string}</var>
<arg>${input_string}</arg>
<msg timestamp="20210822 14:10:21.339" level="INFO">${result_string} = ask Eye Say Next Number</msg>
<status status="PASS" starttime="20210822 14:10:21.338" endtime="20210822 14:10:21.339"/>
</kw>
<kw name="Check Equality" library="Break_camelCase">
<arg>${result_string}</arg>
<arg>${expected_output_string}</arg>
<status status="PASS" starttime="20210822 14:10:21.339" endtime="20210822 14:10:21.339"/>
</kw>
<status status="PASS" starttime="20210822 14:10:21.338" endtime="20210822 14:10:21.340"/>
</kw>
<kw name="Test Break camelCase">
<arg>workNounsNumberWork</arg>
<arg>work Nouns Number Work</arg>
<kw name="Solution" library="Break_camelCase">
<var>${result_string}</var>
<arg>${input_string}</arg>
<msg timestamp="20210822 14:10:21.341" level="INFO">${result_string} = work Nouns Number Work</msg>
<status status="PASS" starttime="20210822 14:10:21.341" endtime="20210822 14:10:21.341"/>
</kw>
<kw name="Check Equality" library="Break_camelCase">
<arg>${result_string}</arg>
<arg>${expected_output_string}</arg>
<status status="PASS" starttime="20210822 14:10:21.341" endtime="20210822 14:10:21.341"/>
</kw>
<status status="PASS" starttime="20210822 14:10:21.340" endtime="20210822 14:10:21.341"/>
</kw>
<kw name="Test Break camelCase">
<arg>bigUseLife</arg>
<arg>big Use Life</arg>
<kw name="Solution" library="Break_camelCase">
<var>${result_string}</var>
<arg>${input_string}</arg>
<msg timestamp="20210822 14:10:21.342" level="INFO">${result_string} = big Use Life</msg>
<status status="PASS" starttime="20210822 14:10:21.342" endtime="20210822 14:10:21.342"/>
</kw>
<kw name="Check Equality" library="Break_camelCase">
<arg>${result_string}</arg>
<arg>${expected_output_string}</arg>
<status status="PASS" starttime="20210822 14:10:21.342" endtime="20210822 14:10:21.343"/>
</kw>
<status status="PASS" starttime="20210822 14:10:21.342" endtime="20210822 14:10:21.343"/>
</kw>
<kw name="Test Break camelCase">
<arg>askTime</arg>
<arg>ask Time</arg>
<kw name="Solution" library="Break_camelCase">
<var>${result_string}</var>
<arg>${input_string}</arg>
<msg timestamp="20210822 14:10:21.344" level="INFO">${result_string} = ask Time</msg>
<status status="PASS" starttime="20210822 14:10:21.344" endtime="20210822 14:10:21.344"/>
</kw>
<kw name="Check Equality" library="Break_camelCase">
<arg>${result_string}</arg>
<arg>${expected_output_string}</arg>
<status status="PASS" starttime="20210822 14:10:21.344" endtime="20210822 14:10:21.344"/>
</kw>
<status status="PASS" starttime="20210822 14:10:21.343" endtime="20210822 14:10:21.344"/>
</kw>
<kw name="Test Break camelCase">
<arg>groupManCase</arg>
<arg>group Man Case</arg>
<kw name="Solution" library="Break_camelCase">
<var>${result_string}</var>
<arg>${input_string}</arg>
<msg timestamp="20210822 14:10:21.345" level="INFO">${result_string} = group Man Case</msg>
<status status="PASS" starttime="20210822 14:10:21.345" endtime="20210822 14:10:21.345"/>
</kw>
<kw name="Check Equality" library="Break_camelCase">
<arg>${result_string}</arg>
<arg>${expected_output_string}</arg>
<status status="PASS" starttime="20210822 14:10:21.345" endtime="20210822 14:10:21.346"/>
</kw>
<status status="PASS" starttime="20210822 14:10:21.345" endtime="20210822 14:10:21.346"/>
</kw>
<kw name="Test Break camelCase">
<arg>goodBigHave</arg>
<arg>good Big Have</arg>
<kw name="Solution" library="Break_camelCase">
<var>${result_string}</var>
<arg>${input_string}</arg>
<msg timestamp="20210822 14:10:21.346" level="INFO">${result_string} = good Big Have</msg>
<status status="PASS" starttime="20210822 14:10:21.346" endtime="20210822 14:10:21.347"/>
</kw>
<kw name="Check Equality" library="Break_camelCase">
<arg>${result_string}</arg>
<arg>${expected_output_string}</arg>
<status status="PASS" starttime="20210822 14:10:21.347" endtime="20210822 14:10:21.347"/>
</kw>
<status status="PASS" starttime="20210822 14:10:21.346" endtime="20210822 14:10:21.347"/>
</kw>
<kw name="Test Break camelCase">
<arg>adjectivesGoodBadBeGreat</arg>
<arg>adjectives Good Bad Be Great</arg>
<kw name="Solution" library="Break_camelCase">
<var>${result_string}</var>
<arg>${input_string}</arg>
<msg timestamp="20210822 14:10:21.348" level="INFO">${result_string} = adjectives Good Bad Be Great</msg>
<status status="PASS" starttime="20210822 14:10:21.348" endtime="20210822 14:10:21.348"/>
</kw>
<kw name="Check Equality" library="Break_camelCase">
<arg>${result_string}</arg>
<arg>${expected_output_string}</arg>
<status status="PASS" starttime="20210822 14:10:21.348" endtime="20210822 14:10:21.348"/>
</kw>
<status status="PASS" starttime="20210822 14:10:21.347" endtime="20210822 14:10:21.349"/>
</kw>
<kw name="Test Break camelCase">
<arg>sayHandManPlace</arg>
<arg>say Hand Man Place</arg>
<kw name="Solution" library="Break_camelCase">
<var>${result_string}</var>
<arg>${input_string}</arg>
<msg timestamp="20210822 14:10:21.349" level="INFO">${result_string} = say Hand Man Place</msg>
<status status="PASS" starttime="20210822 14:10:21.349" endtime="20210822 14:10:21.349"/>
</kw>
<kw name="Check Equality" library="Break_camelCase">
<arg>${result_string}</arg>
<arg>${expected_output_string}</arg>
<status status="PASS" starttime="20210822 14:10:21.349" endtime="20210822 14:10:21.350"/>
</kw>
<status status="PASS" starttime="20210822 14:10:21.349" endtime="20210822 14:10:21.350"/>
</kw>
<kw name="Test Break camelCase">
<arg>takeEarlyAbleWorld</arg>
<arg>take Early Able World</arg>
<kw name="Solution" library="Break_camelCase">
<var>${result_string}</var>
<arg>${input_string}</arg>
<msg timestamp="20210822 14:10:21.351" level="INFO">${result_string} = take Early Able World</msg>
<status status="PASS" starttime="20210822 14:10:21.350" endtime="20210822 14:10:21.351"/>
</kw>
<kw name="Check Equality" library="Break_camelCase">
<arg>${result_string}</arg>
<arg>${expected_output_string}</arg>
<status status="PASS" starttime="20210822 14:10:21.351" endtime="20210822 14:10:21.351"/>
</kw>
<status status="PASS" starttime="20210822 14:10:21.350" endtime="20210822 14:10:21.351"/>
</kw>
<kw name="Test Break camelCase">
<arg>lifeGetFactMake</arg>
<arg>life Get Fact Make</arg>
<kw name="Solution" library="Break_camelCase">
<var>${result_string}</var>
<arg>${input_string}</arg>
<msg timestamp="20210822 14:10:21.352" level="INFO">${result_string} = life Get Fact Make</msg>
<status status="PASS" starttime="20210822 14:10:21.352" endtime="20210822 14:10:21.352"/>
</kw>
<kw name="Check Equality" library="Break_camelCase">
<arg>${result_string}</arg>
<arg>${expected_output_string}</arg>
<status status="PASS" starttime="20210822 14:10:21.352" endtime="20210822 14:10:21.353"/>
</kw>
<status status="PASS" starttime="20210822 14:10:21.352" endtime="20210822 14:10:21.353"/>
</kw>
<kw name="Test Break camelCase">
<arg>problemGetSay</arg>
<arg>problem Get Say</arg>
<kw name="Solution" library="Break_camelCase">
<var>${result_string}</var>
<arg>${input_string}</arg>
<msg timestamp="20210822 14:10:21.354" level="INFO">${result_string} = problem Get Say</msg>
<status status="PASS" starttime="20210822 14:10:21.353" endtime="20210822 14:10:21.354"/>
</kw>
<kw name="Check Equality" library="Break_camelCase">
<arg>${result_string}</arg>
<arg>${expected_output_string}</arg>
<status status="PASS" starttime="20210822 14:10:21.354" endtime="20210822 14:10:21.354"/>
</kw>
<status status="PASS" starttime="20210822 14:10:21.353" endtime="20210822 14:10:21.354"/>
</kw>
<kw name="Test Break camelCase">
<arg>groupLeaveOldChildFew</arg>
<arg>group Leave Old Child Few</arg>
<kw name="Solution" library="Break_camelCase">
<var>${result_string}</var>
<arg>${input_string}</arg>
<msg timestamp="20210822 14:10:21.355" level="INFO">${result_string} = group Leave Old Child Few</msg>
<status status="PASS" starttime="20210822 14:10:21.355" endtime="20210822 14:10:21.355"/>
</kw>
<kw name="Check Equality" library="Break_camelCase">
<arg>${result_string}</arg>
<arg>${expected_output_string}</arg>
<status status="PASS" starttime="20210822 14:10:21.355" endtime="20210822 14:10:21.356"/>
</kw>
<status status="PASS" starttime="20210822 14:10:21.355" endtime="20210822 14:10:21.356"/>
</kw>
<kw name="Test Break camelCase">
<arg>nextBadOtherNewLook</arg>
<arg>next Bad Other New Look</arg>
<kw name="Solution" library="Break_camelCase">
<var>${result_string}</var>
<arg>${input_string}</arg>
<msg timestamp="20210822 14:10:21.356" level="INFO">${result_string} = next Bad Other New Look</msg>
<status status="PASS" starttime="20210822 14:10:21.356" endtime="20210822 14:10:21.357"/>
</kw>
<kw name="Check Equality" library="Break_camelCase">
<arg>${result_string}</arg>
<arg>${expected_output_string}</arg>
<status status="PASS" starttime="20210822 14:10:21.357" endtime="20210822 14:10:21.357"/>
</kw>
<status status="PASS" starttime="20210822 14:10:21.356" endtime="20210822 14:10:21.357"/>
</kw>
<kw name="Test Break camelCase">
<arg>useVerbsLook</arg>
<arg>use Verbs Look</arg>
<kw name="Solution" library="Break_camelCase">
<var>${result_string}</var>
<arg>${input_string}</arg>
<msg timestamp="20210822 14:10:21.358" level="INFO">${result_string} = use Verbs Look</msg>
<status status="PASS" starttime="20210822 14:10:21.358" endtime="20210822 14:10:21.358"/>
</kw>
<kw name="Check Equality" library="Break_camelCase">
<arg>${result_string}</arg>
<arg>${expected_output_string}</arg>
<status status="PASS" starttime="20210822 14:10:21.358" endtime="20210822 14:10:21.359"/>
</kw>
<status status="PASS" starttime="20210822 14:10:21.358" endtime="20210822 14:10:21.359"/>
</kw>
<kw name="Test Break camelCase">
<arg>eyeEarlyGet</arg>
<arg>eye Early Get</arg>
<kw name="Solution" library="Break_camelCase">
<var>${result_string}</var>
<arg>${input_string}</arg>
<msg timestamp="20210822 14:10:21.360" level="INFO">${result_string} = eye Early Get</msg>
<status status="PASS" starttime="20210822 14:10:21.360" endtime="20210822 14:10:21.360"/>
</kw>
<kw name="Check Equality" library="Break_camelCase">
<arg>${result_string}</arg>
<arg>${expected_output_string}</arg>
<status status="PASS" starttime="20210822 14:10:21.360" endtime="20210822 14:10:21.360"/>
</kw>
<status status="PASS" starttime="20210822 14:10:21.359" endtime="20210822 14:10:21.361"/>
</kw>
<kw name="Test Break camelCase">
<arg>getSeem</arg>
<arg>get Seem</arg>
<kw name="Solution" library="Break_camelCase">
<var>${result_string}</var>
<arg>${input_string}</arg>
<msg timestamp="20210822 14:10:21.361" level="INFO">${result_string} = get Seem</msg>
<status status="PASS" starttime="20210822 14:10:21.361" endtime="20210822 14:10:21.361"/>
</kw>
<kw name="Check Equality" library="Break_camelCase">
<arg>${result_string}</arg>
<arg>${expected_output_string}</arg>
<status status="PASS" starttime="20210822 14:10:21.362" endtime="20210822 14:10:21.362"/>
</kw>
<status status="PASS" starttime="20210822 14:10:21.361" endtime="20210822 14:10:21.362"/>
</kw>
<kw name="Test Break camelCase">
<arg>numberImportant</arg>
<arg>number Important</arg>
<kw name="Solution" library="Break_camelCase">
<var>${result_string}</var>
<arg>${input_string}</arg>
<msg timestamp="20210822 14:10:21.363" level="INFO">${result_string} = number Important</msg>
<status status="PASS" starttime="20210822 14:10:21.363" endtime="20210822 14:10:21.363"/>
</kw>
<kw name="Check Equality" library="Break_camelCase">
<arg>${result_string}</arg>
<arg>${expected_output_string}</arg>
<status status="PASS" starttime="20210822 14:10:21.363" endtime="20210822 14:10:21.363"/>
</kw>
<status status="PASS" starttime="20210822 14:10:21.362" endtime="20210822 14:10:21.363"/>
</kw>
<kw name="Test Break camelCase">
<arg>handSaySeemDayLittle</arg>
<arg>hand Say Seem Day Little</arg>
<kw name="Solution" library="Break_camelCase">
<var>${result_string}</var>
<arg>${input_string}</arg>
<msg timestamp="20210822 14:10:21.364" level="INFO">${result_string} = hand Say Seem Day Little</msg>
<status status="PASS" starttime="20210822 14:10:21.364" endtime="20210822 14:10:21.364"/>
</kw>
<kw name="Check Equality" library="Break_camelCase">
<arg>${result_string}</arg>
<arg>${expected_output_string}</arg>
<status status="PASS" starttime="20210822 14:10:21.364" endtime="20210822 14:10:21.365"/>
</kw>
<status status="PASS" starttime="20210822 14:10:21.364" endtime="20210822 14:10:21.365"/>
</kw>
<kw name="Test Break camelCase">
<arg>otherOwnGoodSee</arg>
<arg>other Own Good See</arg>
<kw name="Solution" library="Break_camelCase">
<var>${result_string}</var>
<arg>${input_string}</arg>
<msg timestamp="20210822 14:10:21.366" level="INFO">${result_string} = other Own Good See</msg>
<status status="PASS" starttime="20210822 14:10:21.365" endtime="20210822 14:10:21.366"/>
</kw>
<kw name="Check Equality" library="Break_camelCase">
<arg>${result_string}</arg>
<arg>${expected_output_string}</arg>
<status status="PASS" starttime="20210822 14:10:21.366" endtime="20210822 14:10:21.366"/>
</kw>
<status status="PASS" starttime="20210822 14:10:21.365" endtime="20210822 14:10:21.366"/>
</kw>
<kw name="Test Break camelCase">
<arg>worldManWomanTell</arg>
<arg>world Man Woman Tell</arg>
<kw name="Solution" library="Break_camelCase">
<var>${result_string}</var>
<arg>${input_string}</arg>
<msg timestamp="20210822 14:10:21.367" level="INFO">${result_string} = world Man Woman Tell</msg>
<status status="PASS" starttime="20210822 14:10:21.367" endtime="20210822 14:10:21.367"/>
</kw>
<kw name="Check Equality" library="Break_camelCase">
<arg>${result_string}</arg>
<arg>${expected_output_string}</arg>
<status status="PASS" starttime="20210822 14:10:21.367" endtime="20210822 14:10:21.367"/>
</kw>
<status status="PASS" starttime="20210822 14:10:21.366" endtime="20210822 14:10:21.368"/>
</kw>
<kw name="Test Break camelCase">
<arg>highThinkOldTake</arg>
<arg>high Think Old Take</arg>
<kw name="Solution" library="Break_camelCase">
<var>${result_string}</var>
<arg>${input_string}</arg>
<msg timestamp="20210822 14:10:21.369" level="INFO">${result_string} = high Think Old Take</msg>
<status status="PASS" starttime="20210822 14:10:21.368" endtime="20210822 14:10:21.369"/>
</kw>
<kw name="Check Equality" library="Break_camelCase">
<arg>${result_string}</arg>
<arg>${expected_output_string}</arg>
<status status="PASS" starttime="20210822 14:10:21.369" endtime="20210822 14:10:21.369"/>
</kw>
<status status="PASS" starttime="20210822 14:10:21.368" endtime="20210822 14:10:21.369"/>
</kw>
<kw name="Test Break camelCase">
<arg>doSmallDay</arg>
<arg>do Small Day</arg>
<kw name="Solution" library="Break_camelCase">
<var>${result_string}</var>
<arg>${input_string}</arg>
<msg timestamp="20210822 14:10:21.371" level="INFO">${result_string} = do Small Day</msg>
<status status="PASS" starttime="20210822 14:10:21.370" endtime="20210822 14:10:21.371"/>
</kw>
<kw name="Check Equality" library="Break_camelCase">
<arg>${result_string}</arg>
<arg>${expected_output_string}</arg>
<status status="PASS" starttime="20210822 14:10:21.371" endtime="20210822 14:10:21.371"/>
</kw>
<status status="PASS" starttime="20210822 14:10:21.370" endtime="20210822 14:10:21.372"/>
</kw>
<kw name="Test Break camelCase">
<arg>pointCompany</arg>
<arg>point Company</arg>
<kw name="Solution" library="Break_camelCase">
<var>${result_string}</var>
<arg>${input_string}</arg>
<msg timestamp="20210822 14:10:21.373" level="INFO">${result_string} = point Company</msg>
<status status="PASS" starttime="20210822 14:10:21.373" endtime="20210822 14:10:21.373"/>
</kw>
<kw name="Check Equality" library="Break_camelCase">
<arg>${result_string}</arg>
<arg>${expected_output_string}</arg>
<status status="PASS" starttime="20210822 14:10:21.373" endtime="20210822 14:10:21.374"/>
</kw>
<status status="PASS" starttime="20210822 14:10:21.372" endtime="20210822 14:10:21.374"/>
</kw>
<kw name="Test Break camelCase">
<arg>littleBadSay</arg>
<arg>little Bad Say</arg>
<kw name="Solution" library="Break_camelCase">
<var>${result_string}</var>
<arg>${input_string}</arg>
<msg timestamp="20210822 14:10:21.375" level="INFO">${result_string} = little Bad Say</msg>
<status status="PASS" starttime="20210822 14:10:21.375" endtime="20210822 14:10:21.375"/>
</kw>
<kw name="Check Equality" library="Break_camelCase">
<arg>${result_string}</arg>
<arg>${expected_output_string}</arg>
<status status="PASS" starttime="20210822 14:10:21.375" endtime="20210822 14:10:21.375"/>
</kw>
<status status="PASS" starttime="20210822 14:10:21.374" endtime="20210822 14:10:21.376"/>
</kw>
<kw name="Test Break camelCase">
<arg>ownFindNext</arg>
<arg>own Find Next</arg>
<kw name="Solution" library="Break_camelCase">
<var>${result_string}</var>
<arg>${input_string}</arg>
<msg timestamp="20210822 14:10:21.377" level="INFO">${result_string} = own Find Next</msg>
<status status="PASS" starttime="20210822 14:10:21.376" endtime="20210822 14:10:21.377"/>
</kw>
<kw name="Check Equality" library="Break_camelCase">
<arg>${result_string}</arg>
<arg>${expected_output_string}</arg>
<status status="PASS" starttime="20210822 14:10:21.377" endtime="20210822 14:10:21.377"/>
</kw>
<status status="PASS" starttime="20210822 14:10:21.376" endtime="20210822 14:10:21.377"/>
</kw>
<kw name="Test Break camelCase">
<arg>badVerbsNouns</arg>
<arg>bad Verbs Nouns</arg>
<kw name="Solution" library="Break_camelCase">
<var>${result_string}</var>
<arg>${input_string}</arg>
<msg timestamp="20210822 14:10:21.378" level="INFO">${result_string} = bad Verbs Nouns</msg>
<status status="PASS" starttime="20210822 14:10:21.378" endtime="20210822 14:10:21.378"/>
</kw>
<kw name="Check Equality" library="Break_camelCase">
<arg>${result_string}</arg>
<arg>${expected_output_string}</arg>
<status status="PASS" starttime="20210822 14:10:21.378" endtime="20210822 14:10:21.379"/>
</kw>
<status status="PASS" starttime="20210822 14:10:21.378" endtime="20210822 14:10:21.379"/>
</kw>
<kw name="Test Break camelCase">
<arg>yearAdjectivesThingWorld</arg>
<arg>year Adjectives Thing World</arg>
<kw name="Solution" library="Break_camelCase">
<var>${result_string}</var>
<arg>${input_string}</arg>
<msg timestamp="20210822 14:10:21.380" level="INFO">${result_string} = year Adjectives Thing World</msg>
<status status="PASS" starttime="20210822 14:10:21.380" endtime="20210822 14:10:21.380"/>
</kw>
<kw name="Check Equality" library="Break_camelCase">
<arg>${result_string}</arg>
<arg>${expected_output_string}</arg>
<status status="PASS" starttime="20210822 14:10:21.380" endtime="20210822 14:10:21.380"/>
</kw>
<status status="PASS" starttime="20210822 14:10:21.379" endtime="20210822 14:10:21.380"/>
</kw>
<kw name="Test Break camelCase">
<arg>childDoGreatHaveGood</arg>
<arg>child Do Great Have Good</arg>
<kw name="Solution" library="Break_camelCase">
<var>${result_string}</var>
<arg>${input_string}</arg>
<msg timestamp="20210822 14:10:21.381" level="INFO">${result_string} = child Do Great Have Good</msg>
<status status="PASS" starttime="20210822 14:10:21.381" endtime="20210822 14:10:21.381"/>
</kw>
<kw name="Check Equality" library="Break_camelCase">
<arg>${result_string}</arg>
<arg>${expected_output_string}</arg>
<status status="PASS" starttime="20210822 14:10:21.381" endtime="20210822 14:10:21.382"/>
</kw>
<status status="PASS" starttime="20210822 14:10:21.381" endtime="20210822 14:10:21.382"/>
</kw>
<status status="PASS" starttime="20210822 14:10:21.333" endtime="20210822 14:10:21.382"/>
</test>
<status status="PASS" starttime="20210822 14:10:21.297" endtime="20210822 14:10:21.383"/>
</suite>
<statistics>
<total>
<stat pass="1" fail="0" skip="0">All Tests</stat>
</total>
<tag>
</tag>
<suite>
<stat pass="1" fail="0" skip="0" id="s1" name="Break camelCase">Break camelCase</stat>
</suite>
</statistics>
<errors>
</errors>
</robot>
